2023-01-30 01:05:05,716 [Worker-6: Loading available Gradle versions] INFO  o.e.b.c.i.u.g.PublishedGradleVersions - Gradle version information cache is up-to-date. Trying to read.
2023-01-30 13:00:50,459 [Worker-274: Creating project "Form"] INFO  o.e.m.c.i.e.AbstractTransferListenerAdapter - Downloading https://repo.maven.apache.org/maven2/org/apache/maven/plugins/maven-jar-plugin/2.4/maven-jar-plugin-2.4.jar
2023-01-30 13:00:51,371 [Worker-274: Creating project "Form"] INFO  o.e.m.c.i.e.AbstractTransferListenerAdapter - Downloaded https://repo.maven.apache.org/maven2/org/apache/maven/plugins/maven-jar-plugin/2.4/maven-jar-plugin-2.4.jar
2023-01-30 13:01:02,090 [Worker-274: Creating project "Form"] INFO  o.e.m.c.i.l.LifecycleMappingFactory - Using org.eclipse.m2e.jdt.JarLifecycleMapping lifecycle mapping for MavenProject: DigiBoard:Form:0.0.1-SNAPSHOT @ C:\Users\raiza\Desktop\FormDigiBoard\Form\Form\pom.xml.
2023-01-30 13:01:03,052 [Worker-274: Creating project "Form"] INFO  o.e.m.c.i.e.AbstractTransferListenerAdapter - Downloading https://repo.maven.apache.org/maven2/org/apache/maven/plugins/maven-jar-plugin/2.4/maven-jar-plugin-2.4.pom
2023-01-30 13:01:03,378 [Worker-274: Creating project "Form"] INFO  o.e.m.c.i.e.AbstractTransferListenerAdapter - Downloaded https://repo.maven.apache.org/maven2/org/apache/maven/plugins/maven-jar-plugin/2.4/maven-jar-plugin-2.4.pom
2023-01-30 13:01:07,680 [Worker-274: Creating project "Form"] INFO  o.e.m.c.i.e.AbstractTransferListenerAdapter - Downloading https://repo.maven.apache.org/maven2/commons-lang/commons-lang/2.1/commons-lang-2.1.pom
2023-01-30 13:01:08,486 [Worker-274: Creating project "Form"] INFO  o.e.m.c.i.e.AbstractTransferListenerAdapter - Downloaded https://repo.maven.apache.org/maven2/commons-lang/commons-lang/2.1/commons-lang-2.1.pom
2023-01-30 13:01:09,007 [AetherRepositoryConnector-repo.maven.apache.org-0-1] INFO  o.e.m.c.i.e.AbstractTransferListenerAdapter - Downloading https://repo.maven.apache.org/maven2/commons-lang/commons-lang/2.1/commons-lang-2.1.jar
2023-01-30 13:01:09,331 [AetherRepositoryConnector-repo.maven.apache.org-0-0] INFO  o.e.m.c.i.e.AbstractTransferListenerAdapter - Downloading https://repo.maven.apache.org/maven2/classworlds/classworlds/1.1-alpha-2/classworlds-1.1-alpha-2.jar
2023-01-30 13:01:10,460 [AetherRepositoryConnector-repo.maven.apache.org-0-1] INFO  o.e.m.c.i.e.AbstractTransferListenerAdapter - Downloaded https://repo.maven.apache.org/maven2/commons-lang/commons-lang/2.1/commons-lang-2.1.jar
2023-01-30 13:01:10,734 [AetherRepositoryConnector-repo.maven.apache.org-0-0] INFO  o.e.m.c.i.e.AbstractTransferListenerAdapter - Downloaded https://repo.maven.apache.org/maven2/classworlds/classworlds/1.1-alpha-2/classworlds-1.1-alpha-2.jar
2023-01-30 13:01:14,971 [Worker-274: Creating project "Form"] INFO  o.e.m.j.i.AbstractJavaProjectConfigurator - Adding source folder /Form/src/main/java
2023-01-30 13:01:15,016 [Worker-274: Creating project "Form"] INFO  o.e.m.j.i.AbstractJavaProjectConfigurator - Adding resource folder /Form/src/main/resources
2023-01-30 13:01:15,017 [Worker-274: Creating project "Form"] INFO  o.e.m.j.i.AbstractJavaProjectConfigurator - Adding source folder /Form/src/test/java
2023-01-30 13:01:15,017 [Worker-274: Creating project "Form"] INFO  o.e.m.j.i.AbstractJavaProjectConfigurator - Adding resource folder /Form/src/test/resources
2023-01-30 13:01:18,309 [Worker-278: Building] WARN  o.e.m.c.i.embedder.EclipseLogger - Using platform encoding (UTF-8 actually) to copy filtered resources, i.e. build is platform dependent!
2023-01-30 13:01:18,817 [Worker-278: Building] INFO  o.e.m.c.i.embedder.EclipseLogger - Copying 0 resource
2023-01-30 13:01:18,825 [Worker-278: Building] WARN  o.e.m.c.i.embedder.EclipseLogger - Using platform encoding (UTF-8 actually) to copy filtered resources, i.e. build is platform dependent!
2023-01-30 13:01:18,827 [Worker-278: Building] INFO  o.e.m.c.i.embedder.EclipseLogger - Copying 0 resource
2023-01-30 13:08:29,792 [Worker-275: Building] INFO  o.e.m.c.i.l.LifecycleMappingFactory - Using org.eclipse.m2e.jdt.JarLifecycleMapping lifecycle mapping for MavenProject: DigiBoard:Form:0.0.1-SNAPSHOT @ C:\Users\raiza\Desktop\FormDigiBoard\Form\Form\pom.xml.
2023-01-30 13:08:32,442 [Worker-275: Building] WARN  o.e.m.c.i.embedder.EclipseLogger - Using platform encoding (UTF-8 actually) to copy filtered resources, i.e. build is platform dependent!
2023-01-30 13:08:32,445 [Worker-275: Building] INFO  o.e.m.c.i.embedder.EclipseLogger - Copying 0 resource
2023-01-30 13:08:32,468 [Worker-275: Building] WARN  o.e.m.c.i.embedder.EclipseLogger - Using platform encoding (UTF-8 actually) to copy filtered resources, i.e. build is platform dependent!
2023-01-30 13:08:32,469 [Worker-275: Building] INFO  o.e.m.c.i.embedder.EclipseLogger - Copying 0 resource
2023-01-30 13:08:35,125 [Worker-280: Download sources and javadoc] INFO  o.e.m.c.i.e.AbstractTransferListenerAdapter - Downloaded http://repository.primefaces.org/org/hibernate/hibernate-validator/4.2.0.Final/hibernate-validator-4.2.0.Final-sources.jar
2023-01-30 13:08:36,519 [Worker-280: Download sources and javadoc] INFO  o.e.m.c.i.e.AbstractTransferListenerAdapter - Downloading https://repo.maven.apache.org/maven2/org/hibernate/hibernate-validator/4.2.0.Final/hibernate-validator-4.2.0.Final-sources.jar
2023-01-30 13:08:38,063 [Worker-280: Download sources and javadoc] INFO  o.e.m.c.i.e.AbstractTransferListenerAdapter - Downloaded https://repo.maven.apache.org/maven2/org/hibernate/hibernate-validator/4.2.0.Final/hibernate-validator-4.2.0.Final-sources.jar
2023-01-30 13:08:38,074 [Worker-280: Download sources and javadoc] INFO  o.e.m.j.internal.DownloadSourcesJob - Downloaded sources for org.hibernate:hibernate-validator:4.2.0.Final
2023-01-30 13:08:39,394 [Worker-280: Download sources and javadoc] INFO  o.e.m.c.i.e.AbstractTransferListenerAdapter - Downloading https://repo.maven.apache.org/maven2/javax/validation/validation-api/1.0.0.GA/validation-api-1.0.0.GA-sources.jar
2023-01-30 13:08:40,390 [Worker-280: Download sources and javadoc] INFO  o.e.m.c.i.e.AbstractTransferListenerAdapter - Downloaded https://repo.maven.apache.org/maven2/javax/validation/validation-api/1.0.0.GA/validation-api-1.0.0.GA-sources.jar
2023-01-30 13:08:40,408 [Worker-280: Download sources and javadoc] INFO  o.e.m.j.internal.DownloadSourcesJob - Downloaded sources for javax.validation:validation-api:1.0.0.GA
2023-01-30 13:08:40,409 [Worker-280: Download sources and javadoc] WARN  o.e.m.j.internal.DownloadSourcesJob - IPackageFragmentRoot is missing, skipping javadoc/source attachment for project P/Form
2023-01-30 13:08:42,431 [Worker-280: Download sources and javadoc] INFO  o.e.m.c.i.e.AbstractTransferListenerAdapter - Downloading https://repo.maven.apache.org/maven2/org/slf4j/slf4j-api/1.6.1/slf4j-api-1.6.1-sources.jar
2023-01-30 13:08:43,095 [Worker-280: Download sources and javadoc] INFO  o.e.m.c.i.e.AbstractTransferListenerAdapter - Downloaded https://repo.maven.apache.org/maven2/org/slf4j/slf4j-api/1.6.1/slf4j-api-1.6.1-sources.jar
2023-01-30 13:08:43,120 [Worker-280: Download sources and javadoc] INFO  o.e.m.j.internal.DownloadSourcesJob - Downloaded sources for org.slf4j:slf4j-api:1.6.1
2023-01-30 13:08:43,121 [Worker-280: Download sources and javadoc] WARN  o.e.m.j.internal.DownloadSourcesJob - IPackageFragmentRoot is missing, skipping javadoc/source attachment for project P/Form
2023-01-30 13:08:44,503 [Worker-280: Download sources and javadoc] INFO  o.e.m.c.i.e.AbstractTransferListenerAdapter - Downloaded https://repo.maven.apache.org/maven2/org/hibernate/common/hibernate-commons-annotations/4.0.1.Final/hibernate-commons-annotations-4.0.1.Final-test-sources.jar
2023-01-30 13:08:44,661 [Worker-280: Download sources and javadoc] ERROR o.e.m.j.internal.DownloadSourcesJob - Could not download sources for org.hibernate.common:hibernate-commons-annotations:4.0.1.Finaltests
org.eclipse.core.runtime.CoreException: Could not resolve artifact org.hibernate.common:hibernate-commons-annotations:jar:test-sources:4.0.1.Final
	at org.eclipse.m2e.core.internal.embedder.MavenImpl.lambda$6(MavenImpl.java:587)
	at org.eclipse.m2e.core.internal.embedder.MavenExecutionContext.executeBare(MavenExecutionContext.java:364)
	at org.eclipse.m2e.core.internal.embedder.MavenExecutionContext.execute(MavenExecutionContext.java:227)
	at org.eclipse.m2e.core.internal.embedder.MavenExecutionContext.execute(MavenExecutionContext.java:213)
	at org.eclipse.m2e.core.internal.embedder.MavenImpl.resolve(MavenImpl.java:556)
	at org.eclipse.m2e.core.internal.embedder.MavenImpl.resolve(MavenImpl.java:541)
	at org.eclipse.m2e.jdt.internal.DownloadSourcesJob.download(DownloadSourcesJob.java:308)
	at org.eclipse.m2e.jdt.internal.DownloadSourcesJob.downloadAttachments(DownloadSourcesJob.java:282)
	at org.eclipse.m2e.jdt.internal.DownloadSourcesJob.downloadFilesAndPopulateToUpdate(DownloadSourcesJob.java:228)
	at org.eclipse.m2e.jdt.internal.DownloadSourcesJob.lambda$0(DownloadSourcesJob.java:149)
	at org.eclipse.m2e.core.internal.embedder.MavenExecutionContext.executeBare(MavenExecutionContext.java:364)
	at org.eclipse.m2e.core.internal.embedder.MavenExecutionContext.execute(MavenExecutionContext.java:274)
	at org.eclipse.m2e.core.internal.embedder.MavenExecutionContext.execute(MavenExecutionContext.java:213)
	at org.eclipse.m2e.core.embedder.IMaven.execute(IMaven.java:294)
	at org.eclipse.m2e.jdt.internal.DownloadSourcesJob.run(DownloadSourcesJob.java:149)
	at org.eclipse.core.internal.jobs.Worker.run(Worker.java:63)
2023-01-30 13:08:44,762 [Worker-280: Download sources and javadoc] WARN  o.e.m.j.internal.DownloadSourcesJob - IPackageFragmentRoot is missing, skipping javadoc/source attachment for project P/Form
2023-01-30 13:08:45,805 [Worker-280: Download sources and javadoc] INFO  o.e.m.c.i.e.AbstractTransferListenerAdapter - Downloading https://repo.maven.apache.org/maven2/org/jboss/logging/jboss-logging/3.1.0.CR2/jboss-logging-3.1.0.CR2-sources.jar
2023-01-30 13:08:46,523 [Worker-280: Download sources and javadoc] INFO  o.e.m.c.i.e.AbstractTransferListenerAdapter - Downloaded https://repo.maven.apache.org/maven2/org/jboss/logging/jboss-logging/3.1.0.CR2/jboss-logging-3.1.0.CR2-sources.jar
2023-01-30 13:08:46,551 [Worker-280: Download sources and javadoc] INFO  o.e.m.j.internal.DownloadSourcesJob - Downloaded sources for org.jboss.logging:jboss-logging:3.1.0.CR2
2023-01-30 13:08:46,551 [Worker-280: Download sources and javadoc] WARN  o.e.m.j.internal.DownloadSourcesJob - IPackageFragmentRoot is missing, skipping javadoc/source attachment for project P/Form
2023-01-30 13:08:48,789 [Worker-280: Download sources and javadoc] INFO  o.e.m.c.i.e.AbstractTransferListenerAdapter - Downloading https://repo.maven.apache.org/maven2/org/hibernate/javax/persistence/hibernate-jpa-2.0-api/1.0.1.Final/hibernate-jpa-2.0-api-1.0.1.Final-sources.jar
2023-01-30 13:08:50,764 [Worker-280: Download sources and javadoc] INFO  o.e.m.c.i.e.AbstractTransferListenerAdapter - Downloaded https://repo.maven.apache.org/maven2/org/hibernate/javax/persistence/hibernate-jpa-2.0-api/1.0.1.Final/hibernate-jpa-2.0-api-1.0.1.Final-sources.jar
2023-01-30 13:08:50,788 [Worker-280: Download sources and javadoc] INFO  o.e.m.j.internal.DownloadSourcesJob - Downloaded sources for org.hibernate.javax.persistence:hibernate-jpa-2.0-api:1.0.1.Final
2023-01-30 13:08:50,789 [Worker-280: Download sources and javadoc] WARN  o.e.m.j.internal.DownloadSourcesJob - IPackageFragmentRoot is missing, skipping javadoc/source attachment for project P/Form
2023-01-30 13:08:52,052 [Worker-280: Download sources and javadoc] INFO  o.e.m.c.i.e.AbstractTransferListenerAdapter - Downloading https://repo.maven.apache.org/maven2/org/hibernate/hibernate-entitymanager/4.0.1.Final/hibernate-entitymanager-4.0.1.Final-sources.jar
2023-01-30 13:08:53,117 [Worker-280: Download sources and javadoc] INFO  o.e.m.c.i.e.AbstractTransferListenerAdapter - Downloaded https://repo.maven.apache.org/maven2/org/hibernate/hibernate-entitymanager/4.0.1.Final/hibernate-entitymanager-4.0.1.Final-sources.jar
2023-01-30 13:08:53,149 [Worker-280: Download sources and javadoc] INFO  o.e.m.j.internal.DownloadSourcesJob - Downloaded sources for org.hibernate:hibernate-entitymanager:4.0.1.Final
2023-01-30 13:08:53,150 [Worker-280: Download sources and javadoc] WARN  o.e.m.j.internal.DownloadSourcesJob - IPackageFragmentRoot is missing, skipping javadoc/source attachment for project P/Form
2023-01-30 13:08:53,993 [Worker-280: Download sources and javadoc] INFO  o.e.m.c.i.e.AbstractTransferListenerAdapter - Downloading https://repo.maven.apache.org/maven2/org/jboss/spec/javax/transaction/jboss-transaction-api_1.1_spec/1.0.0.Final/jboss-transaction-api_1.1_spec-1.0.0.Final-sources.jar
2023-01-30 13:08:54,435 [Worker-280: Download sources and javadoc] INFO  o.e.m.c.i.e.AbstractTransferListenerAdapter - Downloaded https://repo.maven.apache.org/maven2/org/jboss/spec/javax/transaction/jboss-transaction-api_1.1_spec/1.0.0.Final/jboss-transaction-api_1.1_spec-1.0.0.Final-sources.jar
2023-01-30 13:08:54,442 [Worker-280: Download sources and javadoc] INFO  o.e.m.j.internal.DownloadSourcesJob - Downloaded sources for org.jboss.spec.javax.transaction:jboss-transaction-api_1.1_spec:1.0.0.Final
2023-01-30 13:08:54,442 [Worker-280: Download sources and javadoc] WARN  o.e.m.j.internal.DownloadSourcesJob - IPackageFragmentRoot is missing, skipping javadoc/source attachment for project P/Form
2023-01-30 13:08:55,529 [Worker-280: Download sources and javadoc] INFO  o.e.m.c.i.e.AbstractTransferListenerAdapter - Downloading https://repo.maven.apache.org/maven2/xml-apis/xml-apis/1.0.b2/xml-apis-1.0.b2-sources.jar
2023-01-30 13:08:56,571 [Worker-280: Download sources and javadoc] INFO  o.e.m.c.i.e.AbstractTransferListenerAdapter - Downloaded https://repo.maven.apache.org/maven2/xml-apis/xml-apis/1.0.b2/xml-apis-1.0.b2-sources.jar
2023-01-30 13:08:56,582 [Worker-280: Download sources and javadoc] INFO  o.e.m.j.internal.DownloadSourcesJob - Downloaded sources for xml-apis:xml-apis:1.0.b2
2023-01-30 13:08:56,583 [Worker-280: Download sources and javadoc] WARN  o.e.m.j.internal.DownloadSourcesJob - IPackageFragmentRoot is missing, skipping javadoc/source attachment for project P/Form
2023-01-30 13:08:57,530 [Worker-280: Download sources and javadoc] INFO  o.e.m.c.i.e.AbstractTransferListenerAdapter - Downloading https://repo.maven.apache.org/maven2/org/hibernate/hibernate-core/4.0.1.Final/hibernate-core-4.0.1.Final-sources.jar
2023-01-30 13:08:59,138 [Worker-280: Download sources and javadoc] INFO  o.e.m.c.i.e.AbstractTransferListenerAdapter - Downloaded https://repo.maven.apache.org/maven2/org/hibernate/hibernate-core/4.0.1.Final/hibernate-core-4.0.1.Final-sources.jar
2023-01-30 13:08:59,162 [Worker-280: Download sources and javadoc] INFO  o.e.m.j.internal.DownloadSourcesJob - Downloaded sources for org.hibernate:hibernate-core:4.0.1.Final
2023-01-30 13:08:59,163 [Worker-280: Download sources and javadoc] WARN  o.e.m.j.internal.DownloadSourcesJob - IPackageFragmentRoot is missing, skipping javadoc/source attachment for project P/Form
2023-01-30 13:09:00,139 [Worker-280: Download sources and javadoc] INFO  o.e.m.c.i.e.AbstractTransferListenerAdapter - Downloading https://repo.maven.apache.org/maven2/commons-collections/commons-collections/3.2.1/commons-collections-3.2.1-sources.jar
2023-01-30 13:09:01,277 [Worker-280: Download sources and javadoc] INFO  o.e.m.c.i.e.AbstractTransferListenerAdapter - Downloaded https://repo.maven.apache.org/maven2/commons-collections/commons-collections/3.2.1/commons-collections-3.2.1-sources.jar
2023-01-30 13:09:01,290 [Worker-280: Download sources and javadoc] INFO  o.e.m.j.internal.DownloadSourcesJob - Downloaded sources for commons-collections:commons-collections:3.2.1
2023-01-30 13:09:01,291 [Worker-280: Download sources and javadoc] WARN  o.e.m.j.internal.DownloadSourcesJob - IPackageFragmentRoot is missing, skipping javadoc/source attachment for project P/Form
2023-01-30 13:09:01,305 [Worker-280: Download sources and javadoc] WARN  o.e.m.j.internal.DownloadSourcesJob - IPackageFragmentRoot is missing, skipping javadoc/source attachment for project P/Form
2023-01-30 13:09:02,184 [Worker-280: Download sources and javadoc] INFO  o.e.m.c.i.e.AbstractTransferListenerAdapter - Downloading https://repo.maven.apache.org/maven2/org/javassist/javassist/3.15.0-GA/javassist-3.15.0-GA-sources.jar
2023-01-30 13:09:03,284 [Worker-280: Download sources and javadoc] INFO  o.e.m.c.i.e.AbstractTransferListenerAdapter - Downloaded https://repo.maven.apache.org/maven2/org/javassist/javassist/3.15.0-GA/javassist-3.15.0-GA-sources.jar
2023-01-30 13:09:03,315 [Worker-280: Download sources and javadoc] INFO  o.e.m.j.internal.DownloadSourcesJob - Downloaded sources for org.javassist:javassist:3.15.0-GA
2023-01-30 13:09:03,315 [Worker-280: Download sources and javadoc] WARN  o.e.m.j.internal.DownloadSourcesJob - IPackageFragmentRoot is missing, skipping javadoc/source attachment for project P/Form
2023-01-30 13:09:04,439 [Worker-280: Download sources and javadoc] INFO  o.e.m.c.i.e.AbstractTransferListenerAdapter - Downloading https://repo.maven.apache.org/maven2/org/hibernate/common/hibernate-commons-annotations/4.0.1.Final/hibernate-commons-annotations-4.0.1.Final-sources.jar
2023-01-30 13:09:04,990 [Worker-280: Download sources and javadoc] INFO  o.e.m.c.i.e.AbstractTransferListenerAdapter - Downloaded https://repo.maven.apache.org/maven2/org/hibernate/common/hibernate-commons-annotations/4.0.1.Final/hibernate-commons-annotations-4.0.1.Final-sources.jar
2023-01-30 13:09:05,004 [Worker-280: Download sources and javadoc] INFO  o.e.m.j.internal.DownloadSourcesJob - Downloaded sources for org.hibernate.common:hibernate-commons-annotations:4.0.1.Final
2023-01-30 13:09:05,005 [Worker-280: Download sources and javadoc] WARN  o.e.m.j.internal.DownloadSourcesJob - IPackageFragmentRoot is missing, skipping javadoc/source attachment for project P/Form
2023-01-30 13:09:05,871 [Worker-280: Download sources and javadoc] INFO  o.e.m.c.i.e.AbstractTransferListenerAdapter - Downloaded https://repo.maven.apache.org/maven2/mysql/mysql-connector-java/5.1.6/mysql-connector-java-5.1.6-sources.jar
2023-01-30 13:09:05,945 [Worker-280: Download sources and javadoc] ERROR o.e.m.j.internal.DownloadSourcesJob - Could not download sources for mysql:mysql-connector-java:5.1.6
org.eclipse.core.runtime.CoreException: Could not resolve artifact mysql:mysql-connector-java:jar:sources:5.1.6
	at org.eclipse.m2e.core.internal.embedder.MavenImpl.lambda$6(MavenImpl.java:587)
	at org.eclipse.m2e.core.internal.embedder.MavenExecutionContext.executeBare(MavenExecutionContext.java:364)
	at org.eclipse.m2e.core.internal.embedder.MavenExecutionContext.execute(MavenExecutionContext.java:227)
	at org.eclipse.m2e.core.internal.embedder.MavenExecutionContext.execute(MavenExecutionContext.java:213)
	at org.eclipse.m2e.core.internal.embedder.MavenImpl.resolve(MavenImpl.java:556)
	at org.eclipse.m2e.core.internal.embedder.MavenImpl.resolve(MavenImpl.java:541)
	at org.eclipse.m2e.jdt.internal.DownloadSourcesJob.download(DownloadSourcesJob.java:308)
	at org.eclipse.m2e.jdt.internal.DownloadSourcesJob.downloadAttachments(DownloadSourcesJob.java:282)
	at org.eclipse.m2e.jdt.internal.DownloadSourcesJob.downloadFilesAndPopulateToUpdate(DownloadSourcesJob.java:228)
	at org.eclipse.m2e.jdt.internal.DownloadSourcesJob.lambda$0(DownloadSourcesJob.java:149)
	at org.eclipse.m2e.core.internal.embedder.MavenExecutionContext.executeBare(MavenExecutionContext.java:364)
	at org.eclipse.m2e.core.internal.embedder.MavenExecutionContext.execute(MavenExecutionContext.java:274)
	at org.eclipse.m2e.core.internal.embedder.MavenExecutionContext.execute(MavenExecutionContext.java:213)
	at org.eclipse.m2e.core.embedder.IMaven.execute(IMaven.java:294)
	at org.eclipse.m2e.jdt.internal.DownloadSourcesJob.run(DownloadSourcesJob.java:149)
	at org.eclipse.core.internal.jobs.Worker.run(Worker.java:63)
2023-01-30 13:09:05,949 [Worker-280: Download sources and javadoc] WARN  o.e.m.j.internal.DownloadSourcesJob - IPackageFragmentRoot is missing, skipping javadoc/source attachment for project P/Form
2023-01-30 13:09:07,023 [Worker-280: Download sources and javadoc] INFO  o.e.m.c.i.e.AbstractTransferListenerAdapter - Downloading https://repo.maven.apache.org/maven2/org/primefaces/primefaces/5.1/primefaces-5.1-sources.jar
2023-01-30 13:09:08,645 [Worker-280: Download sources and javadoc] INFO  o.e.m.c.i.e.AbstractTransferListenerAdapter - Downloaded https://repo.maven.apache.org/maven2/org/primefaces/primefaces/5.1/primefaces-5.1-sources.jar
2023-01-30 13:09:08,657 [Worker-280: Download sources and javadoc] INFO  o.e.m.j.internal.DownloadSourcesJob - Downloaded sources for org.primefaces:primefaces:5.1
2023-01-30 13:09:08,657 [Worker-280: Download sources and javadoc] WARN  o.e.m.j.internal.DownloadSourcesJob - IPackageFragmentRoot is missing, skipping javadoc/source attachment for project P/Form
2023-01-30 13:09:09,590 [Worker-280: Download sources and javadoc] INFO  o.e.m.c.i.e.AbstractTransferListenerAdapter - Downloading https://repo.maven.apache.org/maven2/org/glassfish/javax.faces/2.1.13/javax.faces-2.1.13-sources.jar
2023-01-30 13:09:11,205 [Worker-280: Download sources and javadoc] INFO  o.e.m.c.i.e.AbstractTransferListenerAdapter - Downloaded https://repo.maven.apache.org/maven2/org/glassfish/javax.faces/2.1.13/javax.faces-2.1.13-sources.jar
2023-01-30 13:09:11,217 [Worker-280: Download sources and javadoc] INFO  o.e.m.j.internal.DownloadSourcesJob - Downloaded sources for org.glassfish:javax.faces:2.1.13
2023-01-30 13:09:11,218 [Worker-280: Download sources and javadoc] WARN  o.e.m.j.internal.DownloadSourcesJob - IPackageFragmentRoot is missing, skipping javadoc/source attachment for project P/Form
2023-01-30 13:09:12,119 [Worker-280: Download sources and javadoc] INFO  o.e.m.c.i.e.AbstractTransferListenerAdapter - Downloading https://repo.maven.apache.org/maven2/commons-io/commons-io/2.4/commons-io-2.4-sources.jar
2023-01-30 13:09:12,842 [Worker-280: Download sources and javadoc] INFO  o.e.m.c.i.e.AbstractTransferListenerAdapter - Downloaded https://repo.maven.apache.org/maven2/commons-io/commons-io/2.4/commons-io-2.4-sources.jar
2023-01-30 13:09:12,867 [Worker-280: Download sources and javadoc] INFO  o.e.m.j.internal.DownloadSourcesJob - Downloaded sources for commons-io:commons-io:2.4
